-1
-3
-3 1 c
-3 1 m
-3 c
-3 c 1
-3 m
-3 m 1
-4
-4 2 b
-4 2 c
-4 2 d
-4 2 m
-4 21 c
-4 21 m
-4 3 c
-4 3 d
-4 3 m
-4 3 n
-4 b 2
-4 c 2
-4 m 2
-4 n 2
-6
-6 2 c
-6 2 m
-6 c 2
-6 m 2
1
1 1 2
1 1 2/a
1 1 2/b
1 1 2/m
1 1 2/n
1 1 21
1 1 21/a
1 1 21/b
1 1 21/m
1 1 21/n
1 1 a
1 1 b
1 1 d
1 1 m
1 1 n
1 2 1
1 2/a 1
1 2/c 1
1 2/d 1
1 2/m 1
1 2/n 1
1 21 1
1 21/a 1
1 21/c 1
1 21/d 1
1 21/m 1
1 21/n 1
1 a 1
1 c 1
1 d 1
1 m 1
1 n 1
2 1 1
2 2 2
2 2 21
2 21 2
2 21 21
2 3
2 a a
2 a n
2 c b
2 c m
2 d d
2 e b
2 e m
2 m b
2 m e
2 m m
2 n a
2 n n
2/b 1 1
2/c 1 1
2/m 1 1
2/n 1 1
21 1 1
21 2 2
21 2 21
21 21 2
21 21 21
21 3
21 a b
21 a m
21 c a
21 c n
21 m a
21 m n
21 n b
21 n m
21/b 1 1
21/c 1 1
21/m 1 1
21/n 1 1
3
3 1 2
3 1 c
3 1 m
3 2
3 2 1
3 c
3 c 1
3 m
3 m 1
31
31 1 2
31 2 1
32
32 1 2
32 2 1
4
4 2 2
4 21 2
4 3 2
4 b m
4 c c
4 c m
4 m m
4 n c
4/m
4/m b m
4/m c c
4/m c m
4/m m m
4/m n c
4/n
4/n b m
4/n c c
4/n m m
4/n n c
41
41 2 2
41 21 2
41 3 2
41 c d
41 m d
41/a
41/a c d
41/a d c
41/a m d
42
42 2 2
42 21 2
42 3 2
42 b c
42 c m
42 m c
42 n m
42/m
42/m b c
42/m c m
42/m m c
42/m n m
42/n
42/n b c
42/n c m
42/n m c
42/n n m
43
43 2 2
43 21 2
43 3 2
6
6 2 2
6 c c
6 m m
6/m
6/m c c
6/m m m
61
61 2 2
62
62 2 2
63
63 2 2
63 c m
63 m c
63/m
63/m c m
63/m m c
64
64 2 2
65
65 2 2
a -3
a -3 d
b 1 1
b 2 b
b 2 n
b 21 a
b 21 m
b a 2
b a a
b a b
b a m
b a n
b c 21
b c a
b c b
b c m
b c n
b e 2
b e b
b e m
b m 2
b m a
b m b
b m m
b m n
b n 21
b n a
b n b
b n m
b n n
c 1 1
c 2 a
c 2 e
c 2 m
c 21 b
c 21 n
c a 21
c a a
c a b
c a m
c a n
c c 2
c c a
c c b
c c e
c c m
c c n
c m 21
c m a
c m b
c m e
c m m
c m n
c n 2
c n a
c n b
c n m
c n n
d -3
d -3 c
d -3 m
d 1 1
d 2 d
d d 2
d d d
e 2 a
e 2 m
e a 2
e a a
e a m
e m 2
e m a
m -3
m -3 c
m -3 m
m -3 n
m 1 1
m 2 a
m 2 e
m 2 m
m 21 b
m 21 n
m a 2
m a a
m a b
m a m
m a n
m c 21
m c a
m c b
m c e
m c m
m c n
m e 2
m e b
m m 2
m m a
m m b
m m m
m m n
m n 21
m n a
m n b
m n m
m n n
n -3
n -3 m
n -3 n
n 1 1
n 2 b
n 2 n
n 21 a
n 21 m
n a 21
n a a
n a b
n a m
n a n
n c 2
n c a
n c b
n c m
n c n
n m 21
n m a
n m b
n m m
n m n
n n 2
n n a
n n b
n n m
n n n
